\BOOKMARK [1][-]{section.1}{\376\377\000S\000e\000t\000\040\000T\000h\000e\000o\000r\000y}{}% 1
\BOOKMARK [2][-]{subsection.1.1}{\376\377\000C\000o\000l\000l\000e\000c\000t\000i\000o\000n\000s\000\040\000a\000n\000d\000\040\000s\000e\000q\000u\000e\000n\000c\000e\000s\000\040\000o\000f\000\040\000s\000e\000t\000s}{section.1}% 2
\BOOKMARK [2][-]{subsection.1.2}{\376\377\000l\000i\000m\000\040\000i\000n\000f\000,\000\040\000l\000i\000m\000\040\000s\000u\000p}{section.1}% 3
\BOOKMARK [2][-]{subsection.1.3}{\376\377\000l\000i\000m\000\040\000o\000f\000\040\000s\000e\000q\000u\000e\000n\000c\000e\000s\000\040\000o\000f\000\040\000s\000e\000t\000s}{section.1}% 4
\BOOKMARK [2][-]{subsection.1.4}{\376\377\000C\000o\000v\000e\000r\000\040\000a\000n\000d\000\040\000s\000u\000b\000c\000o\000v\000e\000r\000\040\000o\000f\000\040\000a\000\040\000s\000e\000t}{section.1}% 5
\BOOKMARK [2][-]{subsection.1.5}{\376\377\000C\000h\000a\000r\000a\000c\000t\000e\000r\000i\000s\000t\000i\000c\000\040\000f\000u\000n\000c\000t\000i\000o\000n\000\040\000o\000f\000\040\000a\000\040\000s\000e\000t}{section.1}% 6
\BOOKMARK [2][-]{subsection.1.6}{\376\377\000E\000q\000u\000i\000v\000a\000l\000e\000n\000c\000e\000\040\000r\000e\000l\000a\000t\000i\000o\000n\000s}{section.1}% 7
\BOOKMARK [1][-]{section.2}{\376\377\000M\000e\000a\000s\000u\000r\000e\000\040\000S\000p\000a\000c\000e\000s}{}% 8
\BOOKMARK [2][-]{subsection.2.1}{\376\377\000s\000i\000g\000m\000a\000-\000a\000l\000g\000e\000b\000r\000a}{section.2}% 9
\BOOKMARK [2][-]{subsection.2.2}{\376\377\000M\000e\000a\000s\000u\000r\000a\000b\000l\000e\000\040\000s\000p\000a\000c\000e\000\040\000a\000n\000d\000\040\000s\000e\000t\000s}{section.2}% 10
\BOOKMARK [2][-]{subsection.2.3}{\376\377\000s\000i\000g\000m\000a\000-\000a\000l\000g\000e\000b\000r\000a\000\040\000g\000e\000n\000e\000r\000a\000t\000e\000d\000\040\000b\000y\000\040\000a\000\040\000s\000e\000t}{section.2}% 11
\BOOKMARK [2][-]{subsection.2.4}{\376\377\000B\000o\000r\000e\000l\000\040\000s\000e\000t\000s}{section.2}% 12
\BOOKMARK [2][-]{subsection.2.5}{\376\377\000G\000e\000n\000e\000r\000a\000t\000i\000o\000n\000\040\000o\000f\000\040\000B\000\050\000R\000\051}{section.2}% 13
\BOOKMARK [2][-]{subsection.2.6}{\376\377\000M\000e\000a\000s\000u\000r\000e}{section.2}% 14
\BOOKMARK [2][-]{subsection.2.7}{\376\377\000M\000e\000a\000s\000u\000r\000e\000\040\000s\000p\000a\000c\000e}{section.2}% 15
\BOOKMARK [2][-]{subsection.2.8}{\376\377\000B\000a\000s\000i\000c\000\040\000p\000r\000o\000p\000e\000r\000t\000i\000e\000s\000\040\000o\000f\000\040\000a\000\040\000m\000e\000a\000s\000u\000r\000e}{section.2}% 16
\BOOKMARK [2][-]{subsection.2.9}{\376\377\000C\000o\000n\000t\000i\000n\000u\000i\000t\000y\000\040\000o\000f\000\040\000t\000h\000e\000\040\000m\000e\000a\000s\000u\000r\000e\000\040\000a\000l\000o\000n\000g\000\040\000m\000o\000n\000o\000t\000o\000n\000e\000\040\000s\000e\000q\000u\000e\000n\000c\000e\000s}{section.2}% 17
\BOOKMARK [2][-]{subsection.2.10}{\376\377\000s\000i\000g\000m\000a\000-\000s\000u\000b\000a\000d\000d\000i\000t\000i\000v\000i\000t\000y\000\040\000o\000f\000\040\000t\000h\000e\000\040\000m\000e\000a\000s\000u\000r\000e}{section.2}% 18
\BOOKMARK [2][-]{subsection.2.11}{\376\377\000B\000o\000r\000e\000l\000-\000C\000a\000n\000t\000e\000l\000l\000i\000\040\000L\000e\000m\000m\000a}{section.2}% 19
\BOOKMARK [2][-]{subsection.2.12}{\376\377\000S\000e\000t\000s\000\040\000o\000f\000\040\0000\000\040\000m\000e\000a\000s\000u\000r\000e\000,\000\040\000n\000e\000g\000l\000i\000g\000i\000b\000l\000e\000\040\000s\000e\000t\000s}{section.2}% 20
\BOOKMARK [2][-]{subsection.2.13}{\376\377\000C\000o\000m\000p\000l\000e\000t\000e\000\040\000m\000e\000a\000s\000u\000r\000e\000\040\000s\000p\000a\000c\000e}{section.2}% 21
\BOOKMARK [2][-]{subsection.2.14}{\376\377\000O\000u\000t\000e\000r\000\040\000m\000e\000a\000s\000u\000r\000e}{section.2}% 22
\BOOKMARK [2][-]{subsection.2.15}{\376\377\000G\000e\000n\000e\000r\000a\000t\000i\000o\000n\000\040\000o\000f\000\040\000a\000n\000\040\000o\000u\000t\000e\000r\000\040\000m\000e\000a\000s\000u\000r\000e}{section.2}% 23
\BOOKMARK [2][-]{subsection.2.16}{\376\377\000C\000a\000r\000a\000t\000h\000e\000o\000d\000o\000r\000y\000\040\000c\000o\000n\000d\000i\000t\000i\000o\000n}{section.2}% 24
\BOOKMARK [2][-]{subsection.2.17}{\376\377\000M\000e\000a\000s\000u\000r\000e\000\040\000i\000n\000d\000u\000c\000e\000d\000\040\000b\000y\000\040\000a\000n\000\040\000o\000u\000t\000e\000r\000\040\000m\000e\000a\000s\000u\000r\000e}{section.2}% 25
\BOOKMARK [2][-]{subsection.2.18}{\376\377\000L\000e\000b\000e\000s\000g\000u\000e\000'\000s\000\040\000m\000e\000a\000s\000u\000r\000e\000\040\000o\000n\000\040\000R\000n}{section.2}% 26
\BOOKMARK [2][-]{subsection.2.19}{\376\377\000E\000v\000e\000r\000y\000\040\000c\000o\000u\000n\000t\000a\000b\000l\000e\000\040\000s\000e\000t\000\040\000i\000s\000\040\000L\000e\000b\000e\000s\000g\000u\000e\000-\000m\000e\000a\000s\000u\000r\000a\000b\000l\000e}{section.2}% 27
\BOOKMARK [2][-]{subsection.2.20}{\376\377\000R\000e\000l\000a\000t\000i\000o\000n\000\040\000b\000e\000t\000w\000e\000e\000n\000\040\000B\000\050\000R\000\051\000\040\000a\000n\000d\000\040\000L\000\050\000R\000\051}{section.2}% 28
\BOOKMARK [2][-]{subsection.2.21}{\376\377\000R\000e\000g\000u\000l\000a\000r\000i\000t\000y\000\040\000o\000f\000\040\000L\000e\000b\000e\000s\000g\000u\000e\000\040\000m\000e\000a\000s\000u\000r\000e}{section.2}% 29
\BOOKMARK [1][-]{section.3}{\376\377\000M\000e\000a\000s\000u\000r\000a\000b\000l\000e\000\040\000f\000u\000n\000c\000t\000i\000o\000n\000s}{}% 30
\BOOKMARK [2][-]{subsection.3.1}{\376\377\000D\000e\000f\000i\000n\000i\000t\000i\000o\000n\000\040\000o\000f\000\040\000m\000e\000a\000s\000u\000r\000a\000b\000l\000e\000\040\000f\000u\000n\000c\000t\000i\000o\000n\000s}{section.3}% 31
\BOOKMARK [2][-]{subsection.3.2}{\376\377\000C\000o\000n\000t\000i\000n\000u\000o\000u\000s\000\040\000f\000u\000n\000c\000t\000i\000o\000n\000s}{section.3}% 32
\BOOKMARK [2][-]{subsection.3.3}{\376\377\000M\000e\000a\000s\000u\000r\000a\000b\000i\000l\000i\000t\000y\000\040\000o\000f\000\040\000c\000o\000m\000p\000o\000s\000i\000t\000i\000o\000n}{section.3}% 33
\BOOKMARK [2][-]{subsection.3.4}{\376\377\000M\000e\000a\000s\000u\000r\000a\000b\000i\000l\000i\000t\000y\000\040\000o\000f\000\040\000l\000i\000m\000i\000t\000s\000\040\000f\000o\000r\000\040\000r\000e\000a\000l\000\040\000v\000a\000l\000u\000e\000d\000\040\000f\000u\000n\000c\000t\000i\000o\000n\000s}{section.3}% 34
\BOOKMARK [2][-]{subsection.3.5}{\376\377\000S\000i\000m\000p\000l\000e\000\040\000f\000u\000n\000c\000t\000i\000o\000n\000s\000\040\000a\000n\000d\000\040\000s\000t\000e\000p\000\040\000f\000u\000n\000c\000t\000i\000o\000n\000s}{section.3}% 35
\BOOKMARK [2][-]{subsection.3.6}{\376\377\000S\000i\000m\000p\000l\000e\000\040\000a\000p\000p\000r\000o\000x\000i\000m\000a\000t\000i\000o\000n\000\040\000t\000h\000e\000o\000r\000e\000m}{section.3}% 36
\BOOKMARK [1][-]{section.4}{\376\377\000T\000h\000e\000\040\000L\000e\000b\000e\000s\000g\000u\000e\000\040\000i\000n\000t\000e\000g\000r\000a\000l}{}% 37
\BOOKMARK [2][-]{subsection.4.1}{\376\377\000I\000n\000t\000e\000g\000r\000a\000l\000\040\000o\000f\000\040\000n\000o\000n\000-\000n\000e\000g\000a\000t\000i\000v\000e\000\040\000s\000i\000m\000p\000l\000e\000\040\000f\000u\000n\000c\000t\000i\000o\000n\000s}{section.4}% 38
\BOOKMARK [2][-]{subsection.4.2}{\376\377\000I\000n\000t\000e\000g\000r\000a\000l\000\040\000o\000f\000\040\000n\000o\000n\000-\000n\000e\000g\000a\000t\000i\000v\000e\000\040\000m\000e\000a\000s\000u\000r\000a\000b\000l\000e\000\040\000f\000u\000n\000c\000t\000i\000o\000n\000s}{section.4}% 39
\BOOKMARK [2][-]{subsection.4.3}{\376\377\000B\000a\000s\000i\000c\000\040\000p\000r\000o\000p\000e\000r\000t\000i\000e\000s\000\040\000o\000f\000\040\000L\000e\000b\000e\000s\000g\000u\000e\000\040\000i\000n\000t\000e\000g\000r\000a\000l}{section.4}% 40
\BOOKMARK [2][-]{subsection.4.4}{\376\377\000C\000h\000e\000b\000y\000c\000h\000e\000v\000'\000s\000\040\000i\000n\000e\000q\000u\000a\000l\000i\000t\000y}{section.4}% 41
\BOOKMARK [2][-]{subsection.4.5}{\376\377\000M\000e\000a\000s\000u\000r\000e\000\040\000d\000e\000f\000i\000n\000e\000d\000\040\000b\000y\000\040\000t\000h\000e\000\040\000i\000n\000t\000e\000g\000r\000a\000l}{section.4}% 42
\BOOKMARK [2][-]{subsection.4.6}{\376\377\000V\000a\000n\000i\000s\000h\000i\000n\000g\000\040\000L\000e\000m\000m\000a}{section.4}% 43
\BOOKMARK [2][-]{subsection.4.7}{\376\377\000M\000o\000n\000o\000t\000o\000n\000e\000\040\000C\000o\000n\000v\000e\000r\000g\000e\000n\000c\000e\000\040\000T\000h\000e\000o\000r\000e\000m}{section.4}% 44
\BOOKMARK [2][-]{subsection.4.8}{\376\377\000F\000a\000t\000o\000u\000'\000s\000\040\000L\000e\000m\000m\000a}{section.4}% 45
\BOOKMARK [2][-]{subsection.4.9}{\376\377\000I\000n\000t\000e\000g\000r\000a\000t\000i\000o\000n\000\040\000o\000f\000\040\000s\000e\000r\000i\000e\000s\000\040\000o\000f\000\040\000n\000o\000n\000-\000n\000e\000g\000a\000t\000i\000v\000e\000\040\000f\000u\000n\000c\000t\000i\000o\000n\000s}{section.4}% 46
\BOOKMARK [2][-]{subsection.4.10}{\376\377\000I\000n\000t\000e\000g\000r\000a\000b\000l\000e\000\040\000f\000u\000n\000c\000t\000i\000o\000n\000s}{section.4}% 47
\BOOKMARK [2][-]{subsection.4.11}{\376\377\000T\000h\000e\000\040\000s\000e\000t\000\040\000L\0001}{section.4}% 48
\BOOKMARK [2][-]{subsection.4.12}{\376\377\000T\000r\000i\000a\000n\000g\000l\000e\000\040\000i\000n\000e\000q\000u\000a\000l\000i\000t\000y}{section.4}% 49
\BOOKMARK [2][-]{subsection.4.13}{\376\377\000L\0001\000\040\000i\000s\000\040\000a\000\040\000v\000e\000c\000t\000o\000r\000\040\000s\000p\000a\000c\000e}{section.4}% 50
\BOOKMARK [2][-]{subsection.4.14}{\376\377\000D\000o\000m\000i\000n\000a\000t\000e\000d\000\040\000c\000o\000n\000v\000e\000r\000g\000e\000n\000c\000e\000\040\000t\000h\000e\000o\000r\000e\000m}{section.4}% 51
\BOOKMARK [2][-]{subsection.4.15}{\376\377\000C\000o\000m\000p\000a\000r\000i\000s\000o\000n\000\040\000b\000e\000t\000w\000e\000e\000n\000\040\000R\000i\000e\000m\000a\000n\000n\000\040\000a\000n\000d\000\040\000L\000e\000b\000e\000s\000g\000u\000e\000\040\000i\000n\000t\000e\000g\000r\000a\000l\000s}{section.4}% 52
\BOOKMARK [2][-]{subsection.4.16}{\376\377\000T\000h\000e\000\040\000s\000p\000a\000c\000e\000s\000\040\000L\0001\000\040\000a\000n\000d\000\040\000L\000i\000n\000f}{section.4}% 53
\BOOKMARK [1][-]{section.5}{\376\377\000T\000y\000p\000e\000s\000\040\000o\000f\000\040\000c\000o\000n\000v\000e\000r\000g\000e\000n\000c\000e}{}% 54
\BOOKMARK [2][-]{subsection.5.1}{\376\377\000V\000a\000r\000i\000o\000u\000s\000\040\000t\000y\000p\000e\000s\000\040\000o\000f\000\040\000c\000o\000n\000v\000e\000r\000g\000e\000n\000c\000e}{section.5}% 55
\BOOKMARK [2][-]{subsection.5.2}{\376\377\000E\000g\000o\000r\000o\000v\000'\000s\000\040\000t\000h\000e\000o\000r\000e\000m}{section.5}% 56
\BOOKMARK [2][-]{subsection.5.3}{\376\377\000T\000h\000e\000\040\000t\000y\000p\000e\000w\000r\000i\000t\000e\000r\000\040\000s\000e\000q\000u\000e\000n\000c\000e}{section.5}% 57
\BOOKMARK [1][-]{section.6}{\376\377\000D\000e\000r\000i\000v\000a\000t\000i\000v\000e\000\040\000o\000f\000\040\000a\000\040\000m\000e\000a\000s\000u\000r\000e}{}% 58
\BOOKMARK [2][-]{subsection.6.1}{\376\377\000R\000a\000d\000o\000n\000-\000N\000y\000k\000o\000d\000y\000m\000\040\000d\000e\000r\000i\000v\000a\000t\000i\000v\000e}{section.6}% 59
\BOOKMARK [2][-]{subsection.6.2}{\376\377\000R\000a\000d\000o\000n\000-\000N\000y\000k\000o\000d\000y\000m\000\040\000t\000h\000e\000o\000r\000e\000m}{section.6}% 60
\BOOKMARK [1][-]{section.7}{\376\377\000P\000r\000o\000d\000u\000c\000t\000\040\000m\000e\000a\000s\000u\000r\000e\000s\000\040\000s\000p\000a\000c\000e}{}% 61
\BOOKMARK [2][-]{subsection.7.1}{\376\377\000C\000o\000n\000s\000t\000r\000u\000c\000t\000i\000o\000n\000\040\000o\000f\000\040\000p\000r\000o\000d\000u\000c\000t\000\040\000m\000e\000a\000s\000u\000r\000e\000\040\000s\000p\000a\000c\000e\000s}{section.7}% 62
\BOOKMARK [2][-]{subsection.7.2}{\376\377\000I\000n\000t\000e\000g\000r\000a\000t\000i\000o\000n\000\040\000o\000n\000\040\000p\000r\000o\000d\000u\000c\000t\000\040\000s\000p\000a\000c\000e\000s}{section.7}% 63
\BOOKMARK [2][-]{subsection.7.3}{\376\377\000T\000o\000n\000e\000l\000l\000i\000'\000s\000\040\000t\000h\000e\000o\000r\000e\000m}{section.7}% 64
\BOOKMARK [1][-]{section.8}{\376\377\000A\000C\000\040\000a\000n\000d\000\040\000B\000V\000\040\000f\000u\000n\000c\000t\000i\000o\000n\000s}{}% 65
\BOOKMARK [2][-]{subsection.8.1}{\376\377\000L\000e\000b\000e\000s\000g\000u\000e\000\040\000p\000o\000i\000n\000t\000s}{section.8}% 66
\BOOKMARK [2][-]{subsection.8.2}{\376\377\000F\000i\000r\000s\000t\000\040\000f\000u\000n\000d\000a\000m\000e\000n\000t\000a\000l\000\040\000t\000h\000e\000o\000r\000e\000m\000\040\000o\000f\000\040\000c\000a\000l\000c\000u\000l\000u\000s}{section.8}% 67
\BOOKMARK [2][-]{subsection.8.3}{\376\377\000A\000C\000\040\000f\000u\000n\000c\000t\000i\000o\000n\000s}{section.8}% 68
\BOOKMARK [2][-]{subsection.8.4}{\376\377\000A\000b\000s\000o\000l\000u\000t\000e\000\040\000c\000o\000n\000t\000i\000n\000u\000i\000t\000y\000\040\000o\000f\000\040\000t\000h\000e\000\040\000i\000n\000t\000e\000g\000r\000a\000l}{section.8}% 69
\BOOKMARK [2][-]{subsection.8.5}{\376\377\000F\000u\000n\000c\000t\000i\000o\000n\000s\000\040\000o\000f\000\040\000b\000o\000u\000n\000d\000e\000d\000\040\000v\000a\000r\000i\000a\000t\000i\000o\000n}{section.8}% 70
\BOOKMARK [2][-]{subsection.8.6}{\376\377\000T\000h\000e\000\040\0002\000n\000d\000\040\000f\000u\000n\000d\000a\000m\000e\000n\000t\000a\000l\000\040\000t\000h\000e\000o\000r\000e\000m\000\040\000o\000f\000\040\000c\000a\000l\000c\000u\000l\000u\000s}{section.8}% 71
\BOOKMARK [1][-]{section.9}{\376\377\000R\000e\000v\000i\000e\000w\000\040\000o\000n\000\040\000m\000e\000t\000r\000i\000c\000\040\000s\000p\000a\000c\000e\000s}{}% 72
\BOOKMARK [2][-]{subsection.9.1}{\376\377\000D\000i\000s\000t\000a\000n\000c\000e\000\040\000f\000u\000n\000c\000t\000i\000o\000n}{section.9}% 73
\BOOKMARK [2][-]{subsection.9.2}{\376\377\000C\000a\000u\000c\000h\000y\000\040\000s\000e\000q\000u\000e\000n\000c\000e\000s}{section.9}% 74
\BOOKMARK [1][-]{section.10}{\376\377\000B\000a\000n\000a\000c\000h\000\040\000S\000p\000a\000c\000e\000s}{}% 75
\BOOKMARK [2][-]{subsection.10.1}{\376\377\000N\000o\000r\000m\000e\000d\000\040\000s\000p\000a\000c\000e\000s}{section.10}% 76
\BOOKMARK [2][-]{subsection.10.2}{\376\377\000B\000a\000n\000a\000c\000h\000\040\000s\000p\000a\000c\000e\000s}{section.10}% 77
\BOOKMARK [2][-]{subsection.10.3}{\376\377\000E\000q\000u\000i\000v\000a\000l\000e\000n\000t\000\040\000n\000o\000r\000m\000s}{section.10}% 78
\BOOKMARK [2][-]{subsection.10.4}{\376\377\000S\000e\000p\000a\000r\000a\000b\000l\000e\000\040\000s\000p\000a\000c\000e\000s}{section.10}% 79
\BOOKMARK [2][-]{subsection.10.5}{\376\377\000C\000o\000m\000p\000a\000c\000t\000n\000e\000s\000s}{section.10}% 80
\BOOKMARK [2][-]{subsection.10.6}{\376\377\000R\000i\000e\000s\000z\000'\000s\000\040\000t\000h\000e\000o\000r\000e\000m\000\040\000a\000n\000d\000\040\000q\000u\000a\000s\000i\000-\000o\000r\000t\000h\000o\000g\000o\000n\000a\000l\000i\000t\000y\000\040\000l\000e\000m\000m\000a}{section.10}% 81
\BOOKMARK [1][-]{section.11}{\376\377\000T\000h\000e\000\040\000s\000p\000a\000c\000e\000\040\000C\0000}{}% 82
\BOOKMARK [2][-]{subsection.11.1}{\376\377\000A\000s\000c\000o\000l\000\354\000-\000A\000r\000z\000e\000l\000a\000'\000s\000\040\000t\000h\000e\000o\000r\000e\000m}{section.11}% 83
\BOOKMARK [2][-]{subsection.11.2}{\376\377\000C\0000\000\040\000i\000s\000\040\000a\000\040\000s\000e\000p\000a\000r\000a\000b\000l\000e\000\040\000s\000p\000a\000c\000e}{section.11}% 84
\BOOKMARK [1][-]{section.12}{\376\377\000L\000e\000b\000e\000s\000g\000u\000e\000\040\000s\000p\000a\000c\000e\000s}{}% 85
\BOOKMARK [2][-]{subsection.12.1}{\376\377\000T\000h\000e\000\040\000s\000e\000t\000s\000\040\000L\000p\000\040\000a\000n\000d\000\040\000L\000p}{section.12}% 86
\BOOKMARK [2][-]{subsection.12.2}{\376\377\000L\000p\000\040\000i\000s\000\040\000a\000\040\000v\000e\000c\000t\000o\000r\000\040\000s\000p\000a\000c\000e}{section.12}% 87
\BOOKMARK [2][-]{subsection.12.3}{\376\377\000L\000p\000\040\000s\000p\000a\000c\000e\000s}{section.12}% 88
\BOOKMARK [2][-]{subsection.12.4}{\376\377\000Y\000o\000u\000n\000g\000'\000s\000\040\000i\000n\000e\000q\000u\000a\000l\000i\000t\000y}{section.12}% 89
\BOOKMARK [2][-]{subsection.12.5}{\376\377\000H\000o\000l\000d\000e\000r\000s\000'\000s\000\040\000i\000n\000e\000q\000u\000a\000l\000i\000t\000y}{section.12}% 90
\BOOKMARK [2][-]{subsection.12.6}{\376\377\000M\000i\000n\000k\000o\000w\000s\000k\000i\000'\000s\000\040\000i\000n\000e\000q\000u\000a\000l\000i\000t\000y}{section.12}% 91
\BOOKMARK [2][-]{subsection.12.7}{\376\377\000I\000n\000c\000l\000u\000s\000i\000o\000n\000\040\000o\000f\000\040\000L\000p\000\040\000s\000p\000a\000c\000e\000s}{section.12}% 92
\BOOKMARK [2][-]{subsection.12.8}{\376\377\000I\000n\000t\000e\000r\000p\000o\000l\000a\000t\000i\000o\000n\000\040\000i\000n\000e\000q\000u\000a\000l\000i\000t\000y}{section.12}% 93
\BOOKMARK [2][-]{subsection.12.9}{\376\377\000L\000p\000\040\000i\000s\000\040\000a\000\040\000B\000a\000n\000a\000c\000h\000\040\000s\000p\000a\000c\000e}{section.12}% 94
\BOOKMARK [2][-]{subsection.12.10}{\376\377\000L\000u\000s\000i\000n\000'\000s\000\040\000t\000h\000e\000o\000r\000e\000m}{section.12}% 95
\BOOKMARK [2][-]{subsection.12.11}{\376\377\000S\000r\000\040\000i\000s\000\040\000d\000e\000n\000s\000e\000\040\000i\000n\000\040\000L\000p}{section.12}% 96
\BOOKMARK [2][-]{subsection.12.12}{\376\377\000S\000e\000p\000a\000r\000a\000b\000i\000l\000i\000t\000y\000\040\000o\000f\000\040\000L\000p}{section.12}% 97
\BOOKMARK [1][-]{section.13}{\376\377\000L\000i\000n\000e\000a\000r\000\040\000o\000p\000e\000r\000a\000t\000o\000r\000s}{}% 98
\BOOKMARK [2][-]{subsection.13.1}{\376\377\000L\000i\000n\000e\000a\000r\000\040\000a\000n\000d\000\040\000b\000o\000u\000n\000d\000e\000d\000\040\000o\000p\000e\000r\000a\000t\000o\000r}{section.13}% 99
\BOOKMARK [2][-]{subsection.13.2}{\376\377\000H\000a\000m\000e\000l\000\040\000b\000a\000s\000i\000s}{section.13}% 100
\BOOKMARK [2][-]{subsection.13.3}{\376\377\000L\000\050\000X\000,\000Y\000\051}{section.13}% 101
\BOOKMARK [2][-]{subsection.13.4}{\376\377\000W\000h\000e\000n\000\040\000L\000\050\000X\000,\000Y\000\051\000\040\000i\000s\000\040\000a\000\040\000B\000a\000n\000a\000c\000h\000\040\000s\000p\000a\000c\000e}{section.13}% 102
\BOOKMARK [2][-]{subsection.13.5}{\376\377\000N\000o\000w\000h\000e\000r\000e\000\040\000d\000e\000n\000s\000e\000\040\000s\000e\000t\000s}{section.13}% 103
\BOOKMARK [2][-]{subsection.13.6}{\376\377\000B\000a\000i\000r\000e\000'\000s\000\040\000c\000a\000t\000e\000g\000o\000r\000y\000\040\000t\000h\000e\000o\000r\000e\000m}{section.13}% 104
\BOOKMARK [2][-]{subsection.13.7}{\376\377\000B\000a\000n\000a\000c\000h\000-\000S\000t\000e\000i\000n\000h\000a\000u\000s\000'\000s\000\040\000t\000h\000e\000o\000r\000e\000m}{section.13}% 105
\BOOKMARK [2][-]{subsection.13.8}{\376\377\000O\000p\000e\000n\000\040\000m\000a\000p\000\040\000t\000h\000e\000o\000r\000e\000m}{section.13}% 106
\BOOKMARK [2][-]{subsection.13.9}{\376\377\000C\000l\000o\000s\000e\000d\000\040\000g\000r\000a\000p\000h\000\040\000t\000h\000e\000o\000r\000e\000m}{section.13}% 107
\BOOKMARK [1][-]{section.14}{\376\377\000D\000u\000a\000l\000i\000t\000y\000\040\000a\000n\000d\000\040\000r\000e\000f\000l\000e\000x\000i\000v\000i\000t\000y}{}% 108
\BOOKMARK [2][-]{subsection.14.1}{\376\377\000D\000u\000a\000l\000\040\000s\000p\000a\000c\000e\000\040\000o\000f\000\040\000a\000\040\000n\000o\000r\000m\000e\000d\000\040\000s\000p\000a\000c\000e}{section.14}% 109
\BOOKMARK [3][-]{subsubsection.14.1.1}{\376\377\000H\000a\000h\000n\000-\000B\000a\000n\000a\000c\000h\000\040\000t\000h\000e\000o\000r\000e\000m}{subsection.14.1}% 110
\BOOKMARK [2][-]{subsection.14.2}{\376\377\000B\000i\000d\000u\000a\000l\000\040\000s\000p\000a\000c\000e\000s}{section.14}% 111
\BOOKMARK [2][-]{subsection.14.3}{\376\377\000C\000a\000n\000o\000n\000i\000c\000a\000l\000\040\000M\000a\000p}{section.14}% 112
\BOOKMARK [2][-]{subsection.14.4}{\376\377\000R\000e\000f\000l\000e\000x\000i\000v\000e\000\040\000s\000p\000a\000c\000e\000s}{section.14}% 113
\BOOKMARK [2][-]{subsection.14.5}{\376\377\000R\000i\000e\000s\000z\000\040\000r\000e\000p\000r\000e\000s\000e\000n\000t\000a\000t\000i\000o\000n\000\040\000t\000h\000e\000o\000r\000e\000m}{section.14}% 114
\BOOKMARK [1][-]{section.15}{\376\377\000W\000e\000a\000k\000\040\000C\000o\000n\000v\000e\000r\000g\000e\000n\000c\000e}{}% 115
\BOOKMARK [2][-]{subsection.15.1}{\376\377\000W\000e\000a\000k\000\040\000c\000o\000n\000v\000e\000r\000g\000e\000n\000c\000e\000\040\000i\000n\000\040\000B\000a\000n\000a\000c\000h\000\040\000s\000p\000a\000c\000e\000s}{section.15}% 116
\BOOKMARK [2][-]{subsection.15.2}{\376\377\000W\000e\000a\000k\000*\000\040\000c\000o\000n\000v\000e\000r\000g\000e\000n\000c\000e}{section.15}% 117
\BOOKMARK [2][-]{subsection.15.3}{\376\377\000B\000a\000n\000a\000c\000h\000-\000A\000l\000a\000o\000g\000l\000u\000\040\000t\000h\000e\000o\000r\000e\000m}{section.15}% 118
\BOOKMARK [1][-]{section.16}{\376\377\000C\000o\000m\000p\000a\000c\000t\000\040\000O\000p\000e\000r\000a\000t\000o\000r\000s}{}% 119
\BOOKMARK [1][-]{section.17}{\376\377\000H\000i\000l\000b\000e\000r\000t\000\040\000S\000p\000a\000c\000e\000s}{}% 120
\BOOKMARK [2][-]{subsection.17.1}{\376\377\000H\000i\000l\000b\000e\000r\000t\000\040\000s\000p\000a\000c\000e\000s}{section.17}% 121
\BOOKMARK [2][-]{subsection.17.2}{\376\377\000P\000a\000r\000a\000l\000l\000e\000l\000o\000g\000r\000a\000m\000\040\000i\000d\000e\000n\000t\000i\000t\000y}{section.17}% 122
\BOOKMARK [2][-]{subsection.17.3}{\376\377\000O\000r\000t\000h\000o\000g\000o\000n\000a\000l\000\040\000p\000r\000o\000j\000e\000c\000t\000i\000o\000n\000s}{section.17}% 123
\BOOKMARK [2][-]{subsection.17.4}{\376\377\000D\000u\000a\000l\000\040\000s\000p\000a\000c\000e\000\040\000o\000f\000\040\000a\000\040\000H\000i\000l\000b\000e\000r\000t\000\040\000s\000p\000a\000c\000e}{section.17}% 124
\BOOKMARK [2][-]{subsection.17.5}{\376\377\000R\000i\000e\000s\000z\000'\000s\000\040\000r\000e\000p\000r\000e\000s\000e\000n\000t\000a\000t\000i\000o\000n\000\040\000t\000h\000e\000o\000r\000e\000m}{section.17}% 125
\BOOKMARK [2][-]{subsection.17.6}{\376\377\000C\000o\000n\000v\000e\000r\000g\000e\000n\000c\000e\000s}{section.17}% 126
\BOOKMARK [2][-]{subsection.17.7}{\376\377\000O\000r\000t\000h\000o\000n\000o\000r\000m\000a\000l\000\040\000B\000a\000s\000i\000s}{section.17}% 127
\BOOKMARK [2][-]{subsection.17.8}{\376\377\000B\000e\000s\000s\000e\000l\000\040\000i\000n\000e\000q\000u\000a\000l\000i\000t\000y}{section.17}% 128
\BOOKMARK [2][-]{subsection.17.9}{\376\377\000R\000i\000e\000s\000z\000-\000F\000i\000s\000h\000e\000r\000\040\000t\000h\000e\000o\000r\000e\000m}{section.17}% 129
\BOOKMARK [1][-]{section.18}{\376\377\000L\000i\000n\000e\000a\000r\000\040\000o\000p\000e\000r\000a\000t\000o\000r\000\040\000o\000n\000\040\000H\000i\000l\000b\000e\000r\000t\000\040\000s\000p\000a\000c\000e\000s}{}% 130
\BOOKMARK [2][-]{subsection.18.1}{\376\377\000S\000y\000m\000m\000e\000t\000r\000i\000c\000\040\000o\000p\000e\000r\000a\000t\000o\000r\000s}{section.18}% 131
\BOOKMARK [2][-]{subsection.18.2}{\376\377\000S\000p\000e\000c\000t\000r\000a\000l\000\040\000T\000h\000e\000o\000r\000y}{section.18}% 132
\BOOKMARK [2][-]{subsection.18.3}{\376\377\000F\000r\000e\000d\000h\000o\000l\000m\000'\000s\000\040\000a\000l\000t\000e\000r\000n\000a\000t\000i\000v\000e}{section.18}% 133
